R
C 3
= 0x1becc68
R
P 0x1becc68
C 7
= 0x1c573c8
R
P 0x1c573c8
U 3
C 306
R
P 0x1c573c8
C 326
R
P 0x1becc68
C 4
R
P 0x1c573c8
S "simplify"
C 349
= 0x1d0e918
R
P 0x1c573c8
C 326
R
P 0x1c573c8
P 0x1d0e918
C 350
R
P 0x1c573c8
C 326
R
P 0x1c573c8
S "solve-eqs"
C 349
= 0x1d0fc58
R
P 0x1c573c8
C 326
R
P 0x1c573c8
P 0x1d0fc58
C 350
R
P 0x1c573c8
C 326
R
P 0x1c573c8
P 0x1d0e918
P 0x1d0fc58
C 355
= 0x1d0fcb8
R
P 0x1c573c8
C 326
R
P 0x1c573c8
P 0x1d0fcb8
C 350
R
P 0x1c573c8
C 326
R
P 0x1c573c8
P 0x1d0e918
C 351
R
P 0x1c573c8
C 326
R
P 0x1c573c8
P 0x1d0fc58
C 351
R
P 0x1c573c8
C 326
R
P 0x1c573c8
S "smt"
C 349
= 0x1becc68
R
P 0x1c573c8
C 326
R
P 0x1c573c8
P 0x1becc68
C 350
R
P 0x1c573c8
C 326
R
P 0x1c573c8
P 0x1d0fcb8
P 0x1becc68
C 355
= 0x1d10048
R
P 0x1c573c8
C 326
R
P 0x1c573c8
P 0x1d10048
C 350
R
P 0x1c573c8
C 326
R
P 0x1c573c8
P 0x1becc68
C 351
R
P 0x1c573c8
C 326
R
P 0x1c573c8
P 0x1d0fcb8
C 351
R
P 0x1c573c8
C 326
R
P 0x1c573c8
S "fail-if-undecided"
C 349
= 0x1d0fcb8
R
P 0x1c573c8
C 326
R
P 0x1c573c8
P 0x1d0fcb8
C 350
R
P 0x1c573c8
C 326
R
P 0x1c573c8
P 0x1d10048
P 0x1d0fcb8
C 355
= 0x1becc68
R
P 0x1c573c8
C 326
R
P 0x1c573c8
P 0x1becc68
C 350
R
P 0x1c573c8
C 326
R
P 0x1c573c8
P 0x1d0fcb8
C 351
R
P 0x1c573c8
C 326
R
P 0x1c573c8
P 0x1d10048
C 351
R
P 0x1c573c8
C 326
R
P 0x1c573c8
S "simplify"
C 349
= 0x1d11128
R
P 0x1c573c8
C 326
R
P 0x1c573c8
P 0x1d11128
C 350
R
P 0x1c573c8
C 326
R
P 0x1c573c8
S "solve-eqs"
C 349
= 0x1d12468
R
P 0x1c573c8
C 326
R
P 0x1c573c8
P 0x1d12468
C 350
R
P 0x1c573c8
C 326
R
P 0x1c573c8
P 0x1d11128
P 0x1d12468
C 355
= 0x1d124c8
R
P 0x1c573c8
C 326
R
P 0x1c573c8
P 0x1d124c8
C 350
R
P 0x1c573c8
C 326
R
P 0x1c573c8
P 0x1d11128
C 351
R
P 0x1c573c8
C 326
R
P 0x1c573c8
P 0x1d12468
C 351
R
P 0x1c573c8
C 326
R
P 0x1c573c8
S "nlsat"
C 349
= 0x1d10078
R
P 0x1c573c8
C 326
R
P 0x1c573c8
P 0x1d10078
C 350
R
P 0x1c573c8
C 326
R
P 0x1c573c8
P 0x1d124c8
P 0x1d10078
C 355
= 0x1d12568
R
P 0x1c573c8
C 326
R
P 0x1c573c8
P 0x1d12568
C 350
R
P 0x1c573c8
C 326
R
P 0x1c573c8
P 0x1d10078
C 351
R
P 0x1c573c8
C 326
R
P 0x1c573c8
P 0x1d124c8
C 351
R
P 0x1c573c8
C 326
R
P 0x1c573c8
P 0x1becc68
P 0x1d12568
C 356
= 0x1d11158
R
P 0x1c573c8
C 326
R
P 0x1c573c8
P 0x1d11158
C 350
R
P 0x1c573c8
C 326
R
P 0x1c573c8
P 0x1d12568
C 351
R
P 0x1c573c8
C 326
R
P 0x1c573c8
P 0x1becc68
C 351
R
P 0x1c573c8
C 326
R
P 0x1c573c8
P 0x1d11158
C 397
= 0x1bebfd8
R
P 0x1c573c8
C 326
R
P 0x1c573c8
P 0x1bebfd8
C 402
R
P 0x1c573c8
C 326
R
P 0x1c573c8
P 0x1d11158
C 351
R
P 0x1c573c8
C 326
R
P 0x1c573c8
S "0ret@1"
C 30
R
P 0x1c573c8
C 326
R
P 0x1c573c8
C 33
= 0x1cda5c8
R
P 0x1c573c8
C 326
R
P 0x1c573c8
C 326
R
P 0x1c573c8
P 0x1cda5c8
C 9
R
P 0x1c573c8
C 326
R
P 0x1c573c8
C 326
R
P 0x1c573c8
P 0x1cda5c8
C 10
R
P 0x1c573c8
C 326
R
P 0x1c573c8
$ |0ret@1|
P 0x1cda5c8
C 50
= 0x1cdaf28
R
P 0x1c573c8
C 326
R
P 0x1c573c8
P 0x1cdaf28
C 9
R
P 0x1c573c8
C 326
R
P 0x1c573c8
S "0ret@1"
C 30
R
P 0x1c573c8
C 326
R
P 0x1c573c8
C 33
= 0x1cda5c8
R
P 0x1c573c8
C 326
R
P 0x1c573c8
C 326
R
P 0x1c573c8
P 0x1cda5c8
C 9
R
P 0x1c573c8
C 326
R
P 0x1c573c8
C 326
R
P 0x1c573c8
P 0x1cda5c8
C 10
R
P 0x1c573c8
C 326
R
P 0x1c573c8
$ |0ret@1|
P 0x1cda5c8
C 50
= 0x1cdaf28
R
P 0x1c573c8
C 326
R
P 0x1c573c8
P 0x1cdaf28
C 9
R
P 0x1c573c8
C 326
R
P 0x1c573c8
P 0x1cdaf28
C 236
= 0x1cda5c8
R
P 0x1c573c8
C 326
R
P 0x1c573c8
C 326
R
P 0x1c573c8
P 0x1cda5c8
C 9
R
P 0x1c573c8
C 326
R
P 0x1c573c8
P 0x1cdaf28
C 236
= 0x1cda5c8
R
P 0x1c573c8
C 326
R
P 0x1c573c8
C 326
R
P 0x1c573c8
P 0x1cda5c8
C 9
R
P 0x1c573c8
C 326
R
P 0x1c573c8
C 326
R
P 0x1c573c8
C 326
R
P 0x1c573c8
C 326
R
P 0x1c573c8
C 326
R
P 0x1c573c8
P 0x1cda5c8
C 10
R
P 0x1c573c8
C 326
R
P 0x1c573c8
P 0x1cdaf28
C 236
= 0x1cda5c8
R
P 0x1c573c8
C 326
R
P 0x1c573c8
C 326
R
P 0x1c573c8
P 0x1cda5c8
C 9
R
P 0x1c573c8
C 326
R
P 0x1c573c8
C 326
R
P 0x1c573c8
C 326
R
P 0x1c573c8
C 326
R
P 0x1c573c8
C 326
R
P 0x1c573c8
P 0x1cda5c8
C 10
R
P 0x1c573c8
C 326
R
P 0x1c573c8
P 0x1cdaf28
C 236
= 0x1cda5c8
R
P 0x1c573c8
C 326
R
P 0x1c573c8
C 326
R
P 0x1c573c8
P 0x1cda5c8
C 9
R
P 0x1c573c8
C 326
R
P 0x1c573c8
C 326
R
P 0x1c573c8
C 326
R
P 0x1c573c8
C 326
R
P 0x1c573c8
C 326
R
P 0x1c573c8
P 0x1cda5c8
C 10
R
P 0x1c573c8
C 326
R
P 0x1c573c8
C 326
R
P 0x1c573c8
P 0x1cda5c8
C 10
R
P 0x1c573c8
C 326
R
P 0x1c573c8
P 0x1cdaf28
P 0x1cdaf28
C 55
= 0x1ce2838
R
P 0x1c573c8
C 326
R
P 0x1c573c8
P 0x1ce2838
C 9
R
P 0x1c573c8
C 326
R
P 0x1c573c8
P 0x1cdaf28
C 10
R
P 0x1c573c8
C 326
R
P 0x1c573c8
P 0x1cdaf28
C 10
R
P 0x1c573c8
C 326
R
P 0x1c573c8
C 32
= 0x1cda508
R
P 0x1c573c8
C 326
R
P 0x1c573c8
C 326
R
P 0x1c573c8
P 0x1cda508
C 9
R
P 0x1c573c8
C 326
R
P 0x1c573c8
P 0x1ce2838
C 236
= 0x1cda508
R
P 0x1c573c8
C 326
R
P 0x1c573c8
C 326
R
P 0x1c573c8
P 0x1cda508
C 9
R
P 0x1c573c8
C 326
R
P 0x1c573c8
C 326
R
P 0x1c573c8
C 326
R
P 0x1c573c8
C 326
R
P 0x1c573c8
C 326
R
P 0x1c573c8
P 0x1cda508
C 10
R
P 0x1c573c8
C 326
R
P 0x1c573c8
P 0x1bebfd8
P 0x1ce2838
C 408
R
P 0x1c573c8
C 326
R
P 0x1c573c8
C 326
R
P 0x1c573c8
P 0x1cda508
C 10
R
P 0x1c573c8
C 326
R
P 0x1c573c8
P 0x1ce2838
C 10
R
P 0x1c573c8
C 326
R
P 0x1c573c8
P 0x1bebfd8
C 410
= 0x191b4d8
R
P 0x1c573c8
C 326
R
P 0x1c573c8
P 0x191b4d8
C 431
R
P 0x1c573c8
C 326
R
P 0x1c573c8
P 0x191b4d8
C 433
R
P 0x1c573c8
C 326
R
P 0x1c573c8
P 0x191b4d8
U 0
C 434
= 0x1ce2838
R
P 0x1c573c8
C 326
R
P 0x1c573c8
P 0x1ce2838
C 239
R
P 0x1c573c8
C 326
R
P 0x1c573c8
P 0x1ce2838
C 239
R
P 0x1c573c8
C 326
R
P 0x1c573c8
P 0x1ce2838
C 236
= 0x1cda508
R
P 0x1c573c8
C 326
R
P 0x1c573c8
P 0x1cda508
C 194
R
P 0x1c573c8
C 326
R
P 0x1c573c8
P 0x1ce2838
C 9
R
P 0x1c573c8
C 326
R
P 0x1c573c8
P 0x1ce2838
C 239
R
P 0x1c573c8
C 326
R
P 0x1c573c8
P 0x1ce2838
C 239
R
P 0x1c573c8
C 326
R
P 0x1c573c8
P 0x1ce2838
C 239
R
P 0x1c573c8
C 326
R
P 0x1c573c8
P 0x1ce2838
C 231
R
P 0x1c573c8
C 326
R
P 0x1c573c8
P 0x1ce2838
C 239
R
P 0x1c573c8
C 326
R
P 0x1c573c8
P 0x1ce2838
C 230
= 0x1cdeba8
R
P 0x1c573c8
C 326
R
P 0x1c573c8
C 326
R
P 0x1c573c8
P 0x1cdeba8
C 9
R
P 0x1c573c8
C 326
R
P 0x1c573c8
P 0x1cdeba8
C 215
R
P 0x1c573c8
C 326
R
P 0x1c573c8
P 0x1ce2838
C 239
R
P 0x1c573c8
C 326
R
P 0x1c573c8
P 0x1ce2838
C 230
= 0x1cdeba8
R
P 0x1c573c8
C 326
R
P 0x1c573c8
C 326
R
P 0x1c573c8
P 0x1cdeba8
C 9
R
P 0x1c573c8
C 326
R
P 0x1c573c8
P 0x1cdeba8
C 215
R
P 0x1c573c8
C 326
R
P 0x1c573c8
C 326
R
P 0x1c573c8
P 0x1cdeba8
C 10
R
P 0x1c573c8
C 326
R
P 0x1c573c8
P 0x1ce2838
C 239
R
P 0x1c573c8
C 326
R
P 0x1c573c8
P 0x1ce2838
C 230
= 0x1cdeba8
R
P 0x1c573c8
C 326
R
P 0x1c573c8
C 326
R
P 0x1c573c8
P 0x1cdeba8
C 9
R
P 0x1c573c8
C 326
R
P 0x1c573c8
P 0x1cdeba8
C 215
R
P 0x1c573c8
C 326
R
P 0x1c573c8
C 326
R
P 0x1c573c8
P 0x1cdeba8
C 10
R
P 0x1c573c8
C 326
R
P 0x1c573c8
P 0x1ce2838
C 239
R
P 0x1c573c8
C 326
R
P 0x1c573c8
P 0x1ce2838
C 230
= 0x1cdeba8
R
P 0x1c573c8
C 326
R
P 0x1c573c8
C 326
R
P 0x1c573c8
P 0x1cdeba8
C 9
R
P 0x1c573c8
C 326
R
P 0x1c573c8
P 0x1cdeba8
C 215
R
P 0x1c573c8
C 326
R
P 0x1c573c8
C 326
R
P 0x1c573c8
P 0x1cdeba8
C 10
R
P 0x1c573c8
C 326
R
P 0x1c573c8
P 0x1ce2838
C 239
R
P 0x1c573c8
C 326
R
P 0x1c573c8
P 0x1ce2838
C 239
R
P 0x1c573c8
C 326
R
P 0x1c573c8
P 0x1ce2838
C 231
R
P 0x1c573c8
C 326
R
P 0x1c573c8
P 0x1ce2838
C 239
R
P 0x1c573c8
C 326
R
P 0x1c573c8
P 0x1ce2838
C 239
R
P 0x1c573c8
C 326
R
P 0x1c573c8
P 0x1ce2838
C 231
R
P 0x1c573c8
C 326
R
P 0x1c573c8
P 0x1ce2838
U 0
C 232
= 0x1cdaf28
R
P 0x1c573c8
C 326
R
P 0x1c573c8
P 0x1cdaf28
C 239
R
P 0x1c573c8
C 326
R
P 0x1c573c8
P 0x1cdaf28
C 236
= 0x1cda5c8
R
P 0x1c573c8
C 326
R
P 0x1c573c8
P 0x1cda5c8
C 194
R
P 0x1c573c8
C 326
R
P 0x1c573c8
P 0x1cdaf28
C 9
R
P 0x1c573c8
C 326
R
P 0x1c573c8
P 0x1ce2838
C 239
R
P 0x1c573c8
C 326
R
P 0x1c573c8
P 0x1ce2838
C 239
R
P 0x1c573c8
C 326
R
P 0x1c573c8
P 0x1ce2838
C 231
R
P 0x1c573c8
C 326
R
P 0x1c573c8
P 0x1ce2838
U 1
C 232
= 0x1cdaf28
R
P 0x1c573c8
C 326
R
P 0x1c573c8
P 0x1cdaf28
C 239
R
P 0x1c573c8
C 326
R
P 0x1c573c8
P 0x1cdaf28
C 236
= 0x1cda5c8
R
P 0x1c573c8
C 326
R
P 0x1c573c8
P 0x1cda5c8
C 194
R
P 0x1c573c8
C 326
R
P 0x1c573c8
P 0x1cdaf28
C 9
R
P 0x1c573c8
C 326
R
P 0x1c573c8
P 0x1cdaf28
C 239
R
P 0x1c573c8
C 326
R
P 0x1c573c8
P 0x1cdaf28
C 236
= 0x1cda5c8
R
P 0x1c573c8
C 326
R
P 0x1c573c8
C 326
R
P 0x1c573c8
P 0x1cda5c8
C 9
R
P 0x1c573c8
C 326
R
P 0x1c573c8
P 0x1cda5c8
C 194
R
P 0x1c573c8
C 326
R
P 0x1c573c8
C 326
R
P 0x1c573c8
P 0x1cda5c8
C 10
R
P 0x1c573c8
C 326
R
P 0x1c573c8
P 0x1cdaf28
C 241
R
P 0x1c573c8
C 326
R
P 0x1c573c8
P 0x1cdaf28
C 236
= 0x1cda5c8
R
P 0x1c573c8
C 326
R
P 0x1c573c8
C 326
R
P 0x1c573c8
P 0x1cda5c8
C 9
R
P 0x1c573c8
C 326
R
P 0x1c573c8
P 0x1cda5c8
C 194
R
P 0x1c573c8
C 326
R
P 0x1c573c8
C 326
R
P 0x1c573c8
P 0x1cda5c8
C 10
R
P 0x1c573c8
C 326
R
P 0x1c573c8
P 0x1cdaf28
C 236
= 0x1cda5c8
R
P 0x1c573c8
C 326
R
P 0x1c573c8
C 326
R
P 0x1c573c8
P 0x1cda5c8
C 9
R
P 0x1c573c8
C 326
R
P 0x1c573c8
P 0x1cda5c8
C 194
R
P 0x1c573c8
C 326
R
P 0x1c573c8
C 326
R
P 0x1c573c8
P 0x1cda5c8
C 10
R
P 0x1c573c8
C 326
R
P 0x1c573c8
P 0x1cdaf28
C 239
R
P 0x1c573c8
C 326
R
P 0x1c573c8
P 0x1cdaf28
C 239
R
P 0x1c573c8
C 326
R
P 0x1c573c8
P 0x1cdaf28
C 231
R
P 0x1c573c8
C 326
R
P 0x1c573c8
P 0x1cdaf28
C 239
R
P 0x1c573c8
C 326
R
P 0x1c573c8
P 0x1cdaf28
C 230
= 0x1cdc6c8
R
P 0x1c573c8
C 326
R
P 0x1c573c8
C 326
R
P 0x1c573c8
P 0x1cdc6c8
C 9
R
P 0x1c573c8
C 326
R
P 0x1c573c8
P 0x1cdc6c8
C 215
R
P 0x1c573c8
C 326
R
P 0x1c573c8
P 0x1cdc6c8
C 214
R
P 0x1c573c8
C 326
R
P 0x1c573c8
$ |0ret@1|
C 187
R
P 0x1c573c8
C 326
R
P 0x1c573c8
$ |0ret@1|
C 189
R
P 0x1c573c8
C 326
R
P 0x1c573c8
C 326
R
P 0x1c573c8
P 0x1cdc6c8
C 10
R
P 0x1c573c8
C 326
R
P 0x1c573c8
P 0x1cdaf28
C 239
R
P 0x1c573c8
C 326
R
P 0x1c573c8
P 0x1cdaf28
C 239
R
P 0x1c573c8
C 326
R
P 0x1c573c8
P 0x1cdaf28
C 230
= 0x1cdc6c8
R
P 0x1c573c8
C 326
R
P 0x1c573c8
C 326
R
P 0x1c573c8
P 0x1cdc6c8
C 9
R
P 0x1c573c8
C 326
R
P 0x1c573c8
P 0x1cdc6c8
C 215
R
P 0x1c573c8
C 326
R
P 0x1c573c8
C 326
R
P 0x1c573c8
P 0x1cdc6c8
C 10
R
P 0x1c573c8
C 326
R
P 0x1c573c8
P 0x1cdaf28
C 239
R
P 0x1c573c8
C 326
R
P 0x1c573c8
P 0x1cdaf28
C 236
= 0x1cda5c8
R
P 0x1c573c8
C 326
R
P 0x1c573c8
C 326
R
P 0x1c573c8
P 0x1cda5c8
C 9
R
P 0x1c573c8
C 326
R
P 0x1c573c8
P 0x1cda5c8
C 194
R
P 0x1c573c8
C 326
R
P 0x1c573c8
C 326
R
P 0x1c573c8
P 0x1cda5c8
C 10
R
P 0x1c573c8
C 326
R
P 0x1c573c8
P 0x1cdaf28
C 241
R
P 0x1c573c8
C 326
R
P 0x1c573c8
P 0x1cdaf28
C 236
= 0x1cda5c8
R
P 0x1c573c8
C 326
R
P 0x1c573c8
C 326
R
P 0x1c573c8
P 0x1cda5c8
C 9
R
P 0x1c573c8
C 326
R
P 0x1c573c8
P 0x1cda5c8
C 194
R
P 0x1c573c8
C 326
R
P 0x1c573c8
C 326
R
P 0x1c573c8
P 0x1cda5c8
C 10
R
P 0x1c573c8
C 326
R
P 0x1c573c8
P 0x1cdaf28
C 236
= 0x1cda5c8
R
P 0x1c573c8
C 326
R
P 0x1c573c8
C 326
R
P 0x1c573c8
P 0x1cda5c8
C 9
R
P 0x1c573c8
C 326
R
P 0x1c573c8
P 0x1cda5c8
C 194
R
P 0x1c573c8
C 326
R
P 0x1c573c8
C 326
R
P 0x1c573c8
P 0x1cda5c8
C 10
R
P 0x1c573c8
C 326
R
P 0x1c573c8
P 0x1cdaf28
C 239
R
P 0x1c573c8
C 326
R
P 0x1c573c8
P 0x1cdaf28
C 239
R
P 0x1c573c8
C 326
R
P 0x1c573c8
P 0x1cdaf28
C 231
R
P 0x1c573c8
C 326
R
P 0x1c573c8
P 0x1cdaf28
C 239
R
P 0x1c573c8
C 326
R
P 0x1c573c8
P 0x1cdaf28
C 230
= 0x1cdc6c8
R
P 0x1c573c8
C 326
R
P 0x1c573c8
C 326
R
P 0x1c573c8
P 0x1cdc6c8
C 9
R
P 0x1c573c8
C 326
R
P 0x1c573c8
P 0x1cdc6c8
C 215
R
P 0x1c573c8
C 326
R
P 0x1c573c8
P 0x1cdc6c8
C 214
R
P 0x1c573c8
C 326
R
P 0x1c573c8
$ |0ret@1|
C 187
R
P 0x1c573c8
C 326
R
P 0x1c573c8
$ |0ret@1|
C 189
R
P 0x1c573c8
C 326
R
P 0x1c573c8
C 326
R
P 0x1c573c8
P 0x1cdc6c8
C 10
R
P 0x1c573c8
C 326
R
P 0x1c573c8
P 0x1cdaf28
C 239
R
P 0x1c573c8
C 326
R
P 0x1c573c8
P 0x1cdaf28
C 239
R
P 0x1c573c8
C 326
R
P 0x1c573c8
P 0x1cdaf28
C 230
= 0x1cdc6c8
R
P 0x1c573c8
C 326
R
P 0x1c573c8
C 326
R
P 0x1c573c8
P 0x1cdc6c8
C 9
R
P 0x1c573c8
C 326
R
P 0x1c573c8
P 0x1cdc6c8
C 215
R
P 0x1c573c8
C 326
R
P 0x1c573c8
C 326
R
P 0x1c573c8
P 0x1cdc6c8
C 10
R
P 0x1c573c8
C 326
R
P 0x1c573c8
P 0x1cdaf28
C 10
R
P 0x1c573c8
C 326
R
P 0x1c573c8
P 0x1cdaf28
C 10
R
P 0x1c573c8
C 326
R
P 0x1c573c8
C 326
R
P 0x1c573c8
P 0x1cdeba8
C 10
R
P 0x1c573c8
C 326
R
P 0x1c573c8
P 0x191b4d8
C 433
R
P 0x1c573c8
C 326
R
P 0x1c573c8
P 0x1ce2838
C 10
R
P 0x1c573c8
C 326
R
P 0x1c573c8
P 0x191b4d8
C 432
R
P 0x1c573c8
C 326
R
C 3
= 0x1d14c78
R
P 0x1d14c78
C 7
= 0x1d24ee8
R
P 0x1d24ee8
U 3
C 306
R
P 0x1d24ee8
C 326
R
P 0x1d14c78
C 4
R
P 0x1c573c8
P 0x1bebfd8
P 0x1d24ee8
C 398
= 0x1c0a7e8
R
P 0x1c573c8
C 326
R
P 0x1d24ee8
P 0x1c0a7e8
C 402
R
P 0x1d24ee8
C 326
R
C 3
= 0x1d82488
R
P 0x1d82488
C 7
= 0x1d82b48
R
P 0x1d82b48
U 3
C 306
R
P 0x1d82b48
C 326
R
P 0x1d82488
C 4
R
P 0x1d24ee8
P 0x1c0a7e8
P 0x1d82b48
C 398
= 0x1d82578
R
P 0x1d24ee8
C 326
R
P 0x1d82b48
P 0x1d82578
C 402
R
P 0x1d82b48
C 326
R
P 0x1d82b48
S "0a@0"
C 30
R
P 0x1d82b48
C 326
R
P 0x1d82b48
C 33
= 0x1d8d158
R
P 0x1d82b48
C 326
R
P 0x1d82b48
C 326
R
P 0x1d82b48
P 0x1d8d158
C 9
R
P 0x1d82b48
C 326
R
P 0x1d82b48
C 326
R
P 0x1d82b48
P 0x1d8d158
C 10
R
P 0x1d82b48
C 326
R
P 0x1d82b48
$ |0a@0|
P 0x1d8d158
C 50
= 0x1d8dad8
R
P 0x1d82b48
C 326
R
P 0x1d82b48
P 0x1d8dad8
C 9
R
P 0x1d82b48
C 326
R
P 0x1d82b48
S "0a@0"
C 30
R
P 0x1d82b48
C 326
R
P 0x1d82b48
C 33
= 0x1d8d158
R
P 0x1d82b48
C 326
R
P 0x1d82b48
C 326
R
P 0x1d82b48
P 0x1d8d158
C 9
R
P 0x1d82b48
C 326
R
P 0x1d82b48
C 326
R
P 0x1d82b48
P 0x1d8d158
C 10
R
P 0x1d82b48
C 326
R
P 0x1d82b48
$ |0a@0|
P 0x1d8d158
C 50
= 0x1d8dad8
R
P 0x1d82b48
C 326
R
P 0x1d82b48
P 0x1d8dad8
C 9
R
P 0x1d82b48
C 326
R
P 0x1d82b48
P 0x1d8dad8
C 236
= 0x1d8d158
R
P 0x1d82b48
C 326
R
P 0x1d82b48
C 326
R
P 0x1d82b48
P 0x1d8d158
C 9
R
P 0x1d82b48
C 326
R
P 0x1d82b48
P 0x1d8dad8
C 236
= 0x1d8d158
R
P 0x1d82b48
C 326
R
P 0x1d82b48
C 326
R
P 0x1d82b48
P 0x1d8d158
C 9
R
P 0x1d82b48
C 326
R
P 0x1d82b48
C 326
R
P 0x1d82b48
C 326
R
P 0x1d82b48
C 326
R
P 0x1d82b48
C 326
R
P 0x1d82b48
P 0x1d8d158
C 10
R
P 0x1d82b48
C 326
R
P 0x1d82b48
P 0x1d8dad8
C 236
= 0x1d8d158
R
P 0x1d82b48
C 326
R
P 0x1d82b48
C 326
R
P 0x1d82b48
P 0x1d8d158
C 9
R
P 0x1d82b48
C 326
R
P 0x1d82b48
C 326
R
P 0x1d82b48
C 326
R
P 0x1d82b48
C 326
R
P 0x1d82b48
C 326
R
P 0x1d82b48
P 0x1d8d158
C 10
R
P 0x1d82b48
C 326
R
P 0x1d82b48
P 0x1d8dad8
C 236
= 0x1d8d158
R
P 0x1d82b48
C 326
R
P 0x1d82b48
C 326
R
P 0x1d82b48
P 0x1d8d158
C 9
R
P 0x1d82b48
C 326
R
P 0x1d82b48
C 326
R
P 0x1d82b48
C 326
R
P 0x1d82b48
C 326
R
P 0x1d82b48
C 326
R
P 0x1d82b48
P 0x1d8d158
C 10
R
P 0x1d82b48
C 326
R
P 0x1d82b48
C 326
R
P 0x1d82b48
P 0x1d8d158
C 10
R
P 0x1d82b48
C 326
R
P 0x1d82b48
P 0x1d8dad8
P 0x1d8dad8
C 55
= 0x1d93930
R
P 0x1d82b48
C 326
R
P 0x1d82b48
P 0x1d93930
C 9
R
P 0x1d82b48
C 326
R
P 0x1d82b48
P 0x1d8dad8
C 10
R
P 0x1d82b48
C 326
R
P 0x1d82b48
P 0x1d8dad8
C 10
R
P 0x1d82b48
C 326
R
P 0x1d82b48
C 32
= 0x1d8d098
R
P 0x1d82b48
C 326
R
P 0x1d82b48
C 326
R
P 0x1d82b48
P 0x1d8d098
C 9
R
P 0x1d82b48
C 326
R
P 0x1d82b48
P 0x1d93930
C 236
= 0x1d8d098
R
P 0x1d82b48
C 326
R
P 0x1d82b48
C 326
R
P 0x1d82b48
P 0x1d8d098
C 9
R
P 0x1d82b48
C 326
R
P 0x1d82b48
C 326
R
P 0x1d82b48
C 326
R
P 0x1d82b48
C 326
R
P 0x1d82b48
C 326
R
P 0x1d82b48
P 0x1d8d098
C 10
R
P 0x1d82b48
C 326
R
P 0x1d82b48
P 0x1d82578
P 0x1d93930
C 408
R
P 0x1d82b48
C 326
R
P 0x1d82b48
C 326
R
P 0x1d82b48
P 0x1d8d098
C 10
R
P 0x1d82b48
C 326
R
P 0x1d82b48
P 0x1d93930
C 10
R
P 0x1d82b48
C 326
R
P 0x1d82b48
S "1a@0"
C 30
R
P 0x1d82b48
C 326
R
P 0x1d82b48
C 33
= 0x1d8d158
R
P 0x1d82b48
C 326
R
P 0x1d82b48
C 326
R
P 0x1d82b48
P 0x1d8d158
C 9
R
P 0x1d82b48
C 326
R
P 0x1d82b48
C 326
R
P 0x1d82b48
P 0x1d8d158
C 10
R
P 0x1d82b48
C 326
R
P 0x1d82b48
$ |1a@0|
P 0x1d8d158
C 50
= 0x1d8daf8
R
P 0x1d82b48
C 326
R
P 0x1d82b48
P 0x1d8daf8
C 9
R
P 0x1d82b48
C 326
R
P 0x1c573c8
C 33
= 0x1cda5c8
R
P 0x1c573c8
C 326
R
P 0x1c573c8
C 326
R
P 0x1c573c8
P 0x1cda5c8
C 9
R
P 0x1c573c8
C 326
R
P 0x1c573c8
C 326
R
P 0x1c573c8
P 0x1cda5c8
C 10
R
P 0x1c573c8
C 326
R
P 0x1c573c8
S "1"
P 0x1cda5c8
C 144
= 0x1cdaf48
R
P 0x1c573c8
C 326
R
P 0x1c573c8
P 0x1cdaf48
C 9
R
P 0x1c573c8
C 326
R
P 0x1c573c8
P 0x1cdaf48
C 236
= 0x1cda5c8
R
P 0x1c573c8
C 326
R
P 0x1c573c8
C 326
R
P 0x1c573c8
P 0x1cda5c8
C 9
R
P 0x1c573c8
C 326
R
P 0x1d82b48
P 0x1d8daf8
C 236
= 0x1d8d158
R
P 0x1d82b48
C 326
R
P 0x1d82b48
C 326
R
P 0x1d82b48
P 0x1d8d158
C 9
R
P 0x1d82b48
C 326
R
P 0x1d82b48
C 326
R
P 0x1c573c8
C 326
R
P 0x1d82b48
C 326
R
P 0x1c573c8
P 0x1cda5c8
C 194
R
P 0x1c573c8
C 326
R
P 0x1d82b48
P 0x1d8d158
C 194
R
P 0x1d82b48
C 326
R
P 0x1d82b48
P 0x1d8d158
C 194
R
P 0x1d82b48
C 326
R
P 0x1c573c8
P 0x1cda5c8
C 194
R
P 0x1c573c8
C 326
R
P 0x1d82b48
C 326
R
P 0x1d82b48
P 0x1d8d158
C 10
R
P 0x1d82b48
C 326
R
P 0x1c573c8
C 326
R
P 0x1c573c8
P 0x1cda5c8
C 10
R
P 0x1c573c8
C 326
R
P 0x1c573c8
P 0x1cdaf48
C 10
R
P 0x1c573c8
C 326
R
P 0x1d82b48
P 0x1d8daf8
C 10
R
P 0x1d82b48
C 326
R
P 0x1c573c8
P 0x1bebfd8
C 410
= 0x1544088
R
P 0x1c573c8
C 326
R
P 0x1c573c8
P 0x1544088
C 431
R
P 0x1c573c8
C 326
R
P 0x1c573c8
P 0x1544088
C 433
R
P 0x1c573c8
C 326
R
P 0x1c573c8
P 0x1544088
U 0
C 434
= 0x1ce2838
R
P 0x1c573c8
C 326
R
P 0x1c573c8
P 0x1ce2838
C 239
R
P 0x1c573c8
C 326
R
P 0x1c573c8
P 0x1ce2838
C 239
R
P 0x1c573c8
C 326
R
P 0x1c573c8
P 0x1ce2838
C 236
= 0x1cda508
R
P 0x1c573c8
C 326
R
P 0x1c573c8
P 0x1cda508
C 194
R
P 0x1c573c8
C 326
R
P 0x1c573c8
P 0x1ce2838
C 9
R
P 0x1c573c8
C 326
R
P 0x1c573c8
P 0x1ce2838
C 239
R
P 0x1c573c8
C 326
R
P 0x1c573c8
P 0x1ce2838
C 239
R
P 0x1c573c8
C 326
R
P 0x1c573c8
P 0x1ce2838
C 239
R
P 0x1c573c8
C 326
R
P 0x1c573c8
P 0x1ce2838
C 231
R
P 0x1c573c8
C 326
R
P 0x1c573c8
P 0x1ce2838
C 239
R
P 0x1c573c8
C 326
R
P 0x1c573c8
P 0x1ce2838
C 230
= 0x1cdeba8
R
P 0x1c573c8
C 326
R
P 0x1c573c8
C 326
R
P 0x1c573c8
P 0x1cdeba8
C 9
R
P 0x1c573c8
C 326
R
P 0x1c573c8
P 0x1cdeba8
C 215
R
P 0x1c573c8
C 326
R
P 0x1c573c8
P 0x1ce2838
C 239
R
P 0x1c573c8
C 326
R
P 0x1c573c8
P 0x1ce2838
C 230
= 0x1cdeba8
R
P 0x1c573c8
C 326
R
P 0x1c573c8
C 326
R
P 0x1c573c8
P 0x1cdeba8
C 9
R
P 0x1c573c8
C 326
R
P 0x1c573c8
P 0x1cdeba8
C 215
R
P 0x1c573c8
C 326
R
P 0x1c573c8
C 326
R
P 0x1c573c8
P 0x1cdeba8
C 10
R
P 0x1c573c8
C 326
R
P 0x1c573c8
P 0x1ce2838
C 239
R
P 0x1c573c8
C 326
R
P 0x1c573c8
P 0x1ce2838
C 230
= 0x1cdeba8
R
P 0x1c573c8
C 326
R
P 0x1c573c8
C 326
R
P 0x1c573c8
P 0x1cdeba8
C 9
R
P 0x1c573c8
C 326
R
P 0x1c573c8
P 0x1cdeba8
C 215
R
P 0x1c573c8
C 326
R
P 0x1c573c8
C 326
R
P 0x1c573c8
P 0x1cdeba8
C 10
R
P 0x1c573c8
C 326
R
P 0x1c573c8
P 0x1ce2838
C 239
R
P 0x1c573c8
C 326
R
P 0x1c573c8
P 0x1ce2838
C 230
= 0x1cdeba8
R
P 0x1c573c8
C 326
R
P 0x1c573c8
C 326
R
P 0x1c573c8
P 0x1cdeba8
C 9
R
P 0x1c573c8
C 326
R
P 0x1c573c8
P 0x1cdeba8
C 215
R
P 0x1c573c8
C 326
R
P 0x1c573c8
C 326
R
P 0x1c573c8
P 0x1cdeba8
C 10
R
P 0x1c573c8
C 326
R
P 0x1c573c8
P 0x1ce2838
C 239
R
P 0x1c573c8
C 326
R
P 0x1c573c8
P 0x1ce2838
C 239
R
P 0x1c573c8
C 326
R
P 0x1c573c8
P 0x1ce2838
C 231
R
P 0x1c573c8
C 326
R
P 0x1c573c8
P 0x1ce2838
C 239
R
P 0x1c573c8
C 326
R
P 0x1c573c8
P 0x1ce2838
C 239
R
P 0x1c573c8
C 326
R
P 0x1c573c8
P 0x1ce2838
C 231
R
P 0x1c573c8
C 326
R
P 0x1c573c8
P 0x1ce2838
U 0
C 232
= 0x1cdaf28
R
P 0x1c573c8
C 326
R
P 0x1c573c8
P 0x1cdaf28
C 239
R
P 0x1c573c8
C 326
R
P 0x1c573c8
P 0x1cdaf28
C 236
= 0x1cda5c8
R
P 0x1c573c8
C 326
R
P 0x1c573c8
P 0x1cda5c8
C 194
R
P 0x1c573c8
C 326
R
P 0x1c573c8
P 0x1cdaf28
C 9
R
P 0x1c573c8
C 326
R
P 0x1c573c8
P 0x1ce2838
C 239
R
P 0x1c573c8
C 326
R
P 0x1c573c8
P 0x1ce2838
C 239
R
P 0x1c573c8
C 326
R
P 0x1c573c8
P 0x1ce2838
C 231
R
P 0x1c573c8
C 326
R
P 0x1c573c8
P 0x1ce2838
U 1
C 232
= 0x1cdaf28
R
P 0x1c573c8
C 326
R
P 0x1c573c8
P 0x1cdaf28
C 239
R
P 0x1c573c8
C 326
R
P 0x1c573c8
P 0x1cdaf28
C 236
= 0x1cda5c8
R
P 0x1c573c8
C 326
R
P 0x1c573c8
P 0x1cda5c8
C 194
R
P 0x1c573c8
C 326
R
P 0x1c573c8
P 0x1cdaf28
C 9
R
P 0x1c573c8
C 326
R
P 0x1c573c8
P 0x1cdaf28
C 239
R
P 0x1c573c8
C 326
R
P 0x1c573c8
P 0x1cdaf28
C 236
= 0x1cda5c8
R
P 0x1c573c8
C 326
R
P 0x1c573c8
C 326
R
P 0x1c573c8
P 0x1cda5c8
C 9
R
P 0x1c573c8
C 326
R
P 0x1c573c8
P 0x1cda5c8
C 194
R
P 0x1c573c8
C 326
R
P 0x1c573c8
C 326
R
P 0x1c573c8
P 0x1cda5c8
C 10
R
P 0x1c573c8
C 326
R
P 0x1c573c8
P 0x1cdaf28
C 241
R
P 0x1c573c8
C 326
R
P 0x1c573c8
P 0x1cdaf28
C 236
= 0x1cda5c8
R
P 0x1c573c8
C 326
R
P 0x1c573c8
C 326
R
P 0x1c573c8
P 0x1cda5c8
C 9
R
P 0x1c573c8
C 326
R
P 0x1c573c8
P 0x1cda5c8
C 194
R
P 0x1c573c8
C 326
R
P 0x1c573c8
C 326
R
P 0x1c573c8
P 0x1cda5c8
C 10
R
P 0x1c573c8
C 326
R
P 0x1c573c8
P 0x1cdaf28
C 236
= 0x1cda5c8
R
P 0x1c573c8
C 326
R
P 0x1c573c8
C 326
R
P 0x1c573c8
P 0x1cda5c8
C 9
R
P 0x1c573c8
C 326
R
P 0x1c573c8
P 0x1cda5c8
C 194
R
P 0x1c573c8
C 326
R
P 0x1c573c8
C 326
R
P 0x1c573c8
P 0x1cda5c8
C 10
R
P 0x1c573c8
C 326
R
P 0x1c573c8
P 0x1cdaf28
C 239
R
P 0x1c573c8
C 326
R
P 0x1c573c8
P 0x1cdaf28
C 239
R
P 0x1c573c8
C 326
R
P 0x1c573c8
P 0x1cdaf28
C 231
R
P 0x1c573c8
C 326
R
P 0x1c573c8
P 0x1cdaf28
C 239
R
P 0x1c573c8
C 326
R
P 0x1c573c8
P 0x1cdaf28
C 230
= 0x1cdc6c8
R
P 0x1c573c8
C 326
R
P 0x1c573c8
C 326
R
P 0x1c573c8
P 0x1cdc6c8
C 9
R
P 0x1c573c8
C 326
R
P 0x1c573c8
P 0x1cdc6c8
C 215
R
P 0x1c573c8
C 326
R
P 0x1c573c8
P 0x1cdc6c8
C 214
R
P 0x1c573c8
C 326
R
P 0x1c573c8
$ |0ret@1|
C 187
R
P 0x1c573c8
C 326
R
P 0x1c573c8
$ |0ret@1|
C 189
R
P 0x1c573c8
C 326
R
P 0x1c573c8
C 326
R
P 0x1c573c8
P 0x1cdc6c8
C 10
R
P 0x1c573c8
C 326
R
P 0x1c573c8
P 0x1cdaf28
C 239
R
P 0x1c573c8
C 326
R
P 0x1c573c8
P 0x1cdaf28
C 239
R
P 0x1c573c8
C 326
R
P 0x1c573c8
P 0x1cdaf28
C 230
= 0x1cdc6c8
R
P 0x1c573c8
C 326
R
P 0x1c573c8
C 326
R
P 0x1c573c8
P 0x1cdc6c8
C 9
R
P 0x1c573c8
C 326
R
P 0x1c573c8
P 0x1cdc6c8
C 215
R
P 0x1c573c8
C 326
R
P 0x1c573c8
C 326
R
P 0x1c573c8
P 0x1cdc6c8
C 10
R
P 0x1c573c8
C 326
R
P 0x1c573c8
P 0x1cdaf28
C 239
R
P 0x1c573c8
C 326
R
P 0x1c573c8
P 0x1cdaf28
C 236
= 0x1cda5c8
R
P 0x1c573c8
C 326
R
P 0x1c573c8
C 326
R
P 0x1c573c8
P 0x1cda5c8
C 9
R
P 0x1c573c8
C 326
R
P 0x1c573c8
P 0x1cda5c8
C 194
R
P 0x1c573c8
C 326
R
P 0x1c573c8
C 326
R
P 0x1c573c8
P 0x1cda5c8
C 10
R
P 0x1c573c8
C 326
R
P 0x1c573c8
P 0x1cdaf28
C 241
R
P 0x1c573c8
C 326
R
P 0x1c573c8
P 0x1cdaf28
C 236
= 0x1cda5c8
R
P 0x1c573c8
C 326
R
P 0x1c573c8
C 326
R
P 0x1c573c8
P 0x1cda5c8
C 9
R
P 0x1c573c8
C 326
R
P 0x1c573c8
P 0x1cda5c8
C 194
R
P 0x1c573c8
C 326
R
P 0x1c573c8
C 326
R
P 0x1c573c8
P 0x1cda5c8
C 10
R
P 0x1c573c8
C 326
R
P 0x1c573c8
P 0x1cdaf28
C 236
= 0x1cda5c8
R
P 0x1c573c8
C 326
R
P 0x1c573c8
C 326
R
P 0x1c573c8
P 0x1cda5c8
C 9
R
P 0x1c573c8
C 326
R
P 0x1c573c8
P 0x1cda5c8
C 194
R
P 0x1c573c8
C 326
R
P 0x1c573c8
C 326
R
P 0x1c573c8
P 0x1cda5c8
C 10
R
P 0x1c573c8
C 326
R
P 0x1c573c8
P 0x1cdaf28
C 239
R
P 0x1c573c8
C 326
R
P 0x1c573c8
P 0x1cdaf28
C 239
R
P 0x1c573c8
C 326
R
P 0x1c573c8
P 0x1cdaf28
C 231
R
P 0x1c573c8
C 326
R
P 0x1c573c8
P 0x1cdaf28
C 239
R
P 0x1c573c8
C 326
R
P 0x1c573c8
P 0x1cdaf28
C 230
= 0x1cdc6c8
R
P 0x1c573c8
C 326
R
P 0x1c573c8
C 326
R
P 0x1c573c8
P 0x1cdc6c8
C 9
R
P 0x1c573c8
C 326
R
P 0x1c573c8
P 0x1cdc6c8
C 215
R
P 0x1c573c8
C 326
R
P 0x1c573c8
P 0x1cdc6c8
C 214
R
P 0x1c573c8
C 326
R
P 0x1c573c8
$ |0ret@1|
C 187
R
P 0x1c573c8
C 326
R
P 0x1c573c8
$ |0ret@1|
C 189
R
P 0x1c573c8
C 326
R
P 0x1c573c8
C 326
R
P 0x1c573c8
P 0x1cdc6c8
C 10
R
P 0x1c573c8
C 326
R
P 0x1c573c8
P 0x1cdaf28
C 239
R
P 0x1c573c8
C 326
R
P 0x1c573c8
P 0x1cdaf28
C 239
R
P 0x1c573c8
C 326
R
P 0x1c573c8
P 0x1cdaf28
C 230
= 0x1cdc6c8
R
P 0x1c573c8
C 326
R
P 0x1c573c8
C 326
R
P 0x1c573c8
P 0x1cdc6c8
C 9
R
P 0x1c573c8
C 326
R
P 0x1c573c8
P 0x1cdc6c8
C 215
R
P 0x1c573c8
C 326
R
P 0x1c573c8
C 326
R
P 0x1c573c8
P 0x1cdc6c8
C 10
R
P 0x1c573c8
C 326
R
P 0x1c573c8
P 0x1cdaf28
C 10
R
P 0x1c573c8
C 326
R
P 0x1c573c8
P 0x1cdaf28
C 10
R
P 0x1c573c8
C 326
R
P 0x1c573c8
C 326
R
P 0x1c573c8
P 0x1cdeba8
C 10
R
P 0x1c573c8
C 326
R
P 0x1c573c8
P 0x1544088
C 433
R
P 0x1c573c8
C 326
R
P 0x1c573c8
P 0x1ce2838
C 10
R
P 0x1c573c8
C 326
R
P 0x1c573c8
P 0x1544088
C 432
R
P 0x1c573c8
C 326
R
C 3
= 0x1d24ca8
R
P 0x1d24ca8
C 7
= 0x1dbbbd8
R
P 0x1dbbbd8
U 3
C 306
R
P 0x1dbbbd8
C 326
R
P 0x1d24ca8
C 4
R
P 0x1c573c8
P 0x1bebfd8
P 0x1dbbbd8
C 398
= 0x1db8cf8
R
P 0x1c573c8
C 326
R
P 0x1dbbbd8
P 0x1db8cf8
C 402
R
P 0x1dbbbd8
C 326
R
C 3
= 0x1df03a8
R
P 0x1df03a8
C 7
= 0x1df0808
R
P 0x1df0808
U 3
C 306
R
P 0x1df0808
C 326
R
P 0x1df03a8
C 4
R
P 0x1dbbbd8
P 0x1db8cf8
P 0x1df0808
C 398
= 0x1df0598
R
P 0x1dbbbd8
C 326
R
P 0x1df0808
P 0x1df0598
C 402
R
P 0x1df0808
C 326
R
P 0x1d24ee8
C 8
R
P 0x1d24ee8
P 0x1c0a7e8
C 403
R
P 0x1d24ee8
C 326
R
P 0x1d82b48
C 8
R
P 0x1d82b48
P 0x1d82578
C 403
